<?xml version="1.0" encoding="UTF-8"?>
<robot generator="Robot 6.1.1 (Python 3.11.4 on win32)" generated="20230915 18:46:58.329" rpa="false" schemaversion="4">
<suite id="s1" name="Youtube" source="c:\Users\marta\OneDrive\Área de Trabalho\teste youtube\youtube.robot">
<test id="s1-t1" name="cenário 1: Executar vídeo no site do youtube" line="36">
<kw name="Dado que eu acesso o site do youtube">
<kw name="Open Browser" library="SeleniumLibrary">
<arg>${URL}</arg>
<arg>${Browser}</arg>
<doc>Opens a new browser instance to the optional ``url``.</doc>
<msg timestamp="20230915 18:46:58.591" level="INFO">Opening browser 'chrome' to base url 'https://www.youtube.com/'.</msg>
<status status="PASS" starttime="20230915 18:46:58.590" endtime="20230915 18:47:03.829"/>
</kw>
<status status="PASS" starttime="20230915 18:46:58.589" endtime="20230915 18:47:03.830"/>
</kw>
<kw name="Quando digito o nome da música">
<kw name="Input Text" library="SeleniumLibrary">
<arg>${Input_Pesquisa}</arg>
<arg>${NomeDaMusica}</arg>
<doc>Types the given ``text`` into the text field identified by ``locator``.</doc>
<msg timestamp="20230915 18:47:03.832" level="INFO">Typing text 'Ariana Grande Positions' into text field '//input[@id="search"]'.</msg>
<status status="PASS" starttime="20230915 18:47:03.831" endtime="20230915 18:47:04.494"/>
</kw>
<status status="PASS" starttime="20230915 18:47:03.831" endtime="20230915 18:47:04.494"/>
</kw>
<kw name="E clico no botão buscar">
<kw name="Click Element" library="SeleniumLibrary">
<arg>${Button_Pesquisa}</arg>
<doc>Click the element identified by ``locator``.</doc>
<msg timestamp="20230915 18:47:04.497" level="INFO">Clicking element '//button[@id="search-icon-legacy"]'.</msg>
<status status="PASS" starttime="20230915 18:47:04.496" endtime="20230915 18:47:04.685"/>
</kw>
<status status="PASS" starttime="20230915 18:47:04.495" endtime="20230915 18:47:04.685"/>
</kw>
<kw name="E clico na primeira opção da lista">
<kw name="Wait Until Element Is Visible" library="SeleniumLibrary">
<arg>${Primeiro}</arg>
<arg>10</arg>
<doc>Waits until the element ``locator`` is visible.</doc>
<status status="PASS" starttime="20230915 18:47:04.687" endtime="20230915 18:47:06.434"/>
</kw>
<kw name="Click Element" library="SeleniumLibrary">
<arg>${Primeiro}</arg>
<doc>Click the element identified by ``locator``.</doc>
<msg timestamp="20230915 18:47:06.436" level="INFO">Clicking element '(//yt-formatted-string[@class="style-scope ytd-video-renderer"])[1]'.</msg>
<status status="PASS" starttime="20230915 18:47:06.435" endtime="20230915 18:47:06.645"/>
</kw>
<status status="PASS" starttime="20230915 18:47:04.685" endtime="20230915 18:47:06.646"/>
</kw>
<kw name="Então o vídeo é executado">
<kw name="Wait Until Element Is Visible" library="SeleniumLibrary">
<arg>${Prova}</arg>
<arg>10</arg>
<doc>Waits until the element ``locator`` is visible.</doc>
<status status="PASS" starttime="20230915 18:47:06.648" endtime="20230915 18:47:08.010"/>
</kw>
<kw name="Element Should Be Visible" library="SeleniumLibrary">
<arg>${Prova}</arg>
<doc>Verifies that the element identified by ``locator`` is visible.</doc>
<msg timestamp="20230915 18:47:08.410" level="INFO">Element 'xpath=//*[@id="title"]/h1/yt-formatted-string' is displayed.</msg>
<status status="PASS" starttime="20230915 18:47:08.011" endtime="20230915 18:47:08.410"/>
</kw>
<kw name="Sleep" library="BuiltIn">
<arg>1s</arg>
<doc>Pauses the test executed for the given time.</doc>
<msg timestamp="20230915 18:47:09.412" level="INFO">Slept 1 second</msg>
<status status="PASS" starttime="20230915 18:47:08.410" endtime="20230915 18:47:09.413"/>
</kw>
<kw name="Close Browser" library="SeleniumLibrary">
<doc>Closes the current browser.</doc>
<status status="PASS" starttime="20230915 18:47:09.414" endtime="20230915 18:47:11.595"/>
</kw>
<status status="PASS" starttime="20230915 18:47:06.647" endtime="20230915 18:47:11.595"/>
</kw>
<status status="PASS" starttime="20230915 18:46:58.588" endtime="20230915 18:47:11.596"/>
</test>
<status status="PASS" starttime="20230915 18:46:58.335" endtime="20230915 18:47:11.598"/>
</suite>
<statistics>
<total>
<stat pass="1" fail="0" skip="0">All Tests</stat>
</total>
<tag>
</tag>
<suite>
<stat pass="1" fail="0" skip="0" id="s1" name="Youtube">Youtube</stat>
</suite>
</statistics>
<errors>
</errors>
</robot>
